{
  "RSpec": {
    "coverage": {
      "/home/notebook/RubymineProjects/JetRubyTest/app/models/user.rb": [
        1,
        1,
        null,
        1,
        1,
        null,
        null,
        null,
        1,
        1,
        1,
        1,
        6,
        4,
        1,
        10,
        null,
        null,
        1,
        2,
        null,
        null,
        1,
        2,
        null,
        null,
        1,
        76,
        null,
        null,
        1,
        2,
        2,
        null,
        2,
        null,
        null,
        null,
        null,
        null,
        null,
        null,
        null,
        2,
        2,
        0,
        null,
        null
      ],
      "/home/notebook/RubymineProjects/JetRubyTest/app/models/application_record.rb": [
        1,
        1,
        null
      ],
      "/home/notebook/RubymineProjects/JetRubyTest/app/controllers/api/v1/orders_controller.rb": [
        1,
        1,
        null,
        1,
        1,
        null,
        1,
        5,
        5,
        null,
        null,
        null,
        1,
        null,
        null,
        1,
        9,
        null,
        9,
        null,
        null,
        1,
        7,
        null,
        null,
        1,
        4,
        4,
        4,
        4,
        null,
        null,
        null,
        null,
        1,
        4,
        2,
        2,
        null,
        null,
        null,
        null,
        null,
        null
      ],
      "/home/notebook/RubymineProjects/JetRubyTest/app/controllers/application_controller.rb": [
        1,
        1,
        1,
        6,
        null,
        null
      ],
      "/home/notebook/RubymineProjects/JetRubyTest/app/helpers/application_helper.rb": [
        1,
        null
      ],
      "/home/notebook/RubymineProjects/JetRubyTest/app/helpers/items_helper.rb": [
        1,
        1,
        null,
        1,
        null,
        null,
        null,
        null,
        null,
        1,
        3,
        1,
        1,
        1,
        null,
        null,
        null
      ],
      "/home/notebook/RubymineProjects/JetRubyTest/app/helpers/menus_helper.rb": [
        1,
        1,
        3,
        null,
        null,
        1,
        3,
        1,
        2,
        1,
        null,
        1,
        null,
        null,
        null
      ],
      "/home/notebook/RubymineProjects/JetRubyTest/app/controllers/items_controller.rb": [
        1,
        1,
        1,
        1,
        null,
        1,
        1,
        null,
        null,
        1,
        3,
        3,
        null,
        null,
        1,
        5,
        3,
        null,
        2,
        2,
        null,
        null,
        null,
        1,
        5,
        5,
        3,
        null,
        2,
        2,
        null,
        null,
        null,
        null,
        1,
        null,
        null,
        1,
        8,
        null,
        null,
        1,
        10,
        null,
        null
      ],
      "/home/notebook/RubymineProjects/JetRubyTest/app/controllers/meals_controller.rb": [
        1,
        1,
        1,
        1,
        null,
        1,
        4,
        4,
        4,
        null,
        null,
        1,
        4,
        4,
        null,
        null,
        1,
        2,
        2,
        null,
        null,
        null,
        1,
        null,
        null,
        1,
        10,
        null,
        null,
        1,
        8,
        null,
        null
      ],
      "/home/notebook/RubymineProjects/JetRubyTest/app/controllers/menus_controller.rb": [
        1,
        1,
        1,
        null,
        1,
        1,
        null,
        1,
        null,
        null,
        1,
        null,
        null,
        1,
        1,
        1,
        null,
        null
      ],
      "/home/notebook/RubymineProjects/JetRubyTest/app/controllers/omniauth_callbacks_controller.rb": [
        1,
        1,
        3,
        3,
        null,
        null,
        null,
        1,
        null,
        null,
        1,
        3,
        2,
        2,
        null,
        1,
        null,
        null,
        null
      ],
      "/home/notebook/RubymineProjects/JetRubyTest/app/controllers/orders_controller.rb": [
        1,
        1,
        null,
        1,
        1,
        1,
        null,
        1,
        7,
        7,
        7,
        4,
        4,
        4,
        4,
        null,
        null,
        null,
        null,
        null,
        null,
        null,
        3,
        null,
        null,
        7,
        4,
        null,
        3,
        null,
        null,
        7,
        null,
        null,
        1,
        2,
        null,
        null,
        1,
        3,
        3,
        null,
        3,
        6,
        null,
        null,
        null,
        1,
        1,
        null,
        null,
        1,
        2,
        null,
        null,
        null,
        1,
        null,
        null,
        1,
        7,
        null,
        null,
        1,
        6,
        null,
        null
      ],
      "/home/notebook/RubymineProjects/JetRubyTest/app/controllers/registrations_controller.rb": [
        1,
        1,
        null,
        1,
        5,
        3,
        null,
        2,
        null,
        null,
        null,
        1,
        5,
        5,
        3,
        3,
        null,
        2,
        null,
        5,
        null,
        null,
        1,
        null,
        1,
        4,
        null,
        null,
        1,
        5,
        null,
        null,
        1,
        12,
        null,
        null
      ],
      "/home/notebook/RubymineProjects/JetRubyTest/app/controllers/users_controller.rb": [
        1,
        1,
        1,
        null,
        1,
        2,
        null,
        null,
        1,
        3,
        null,
        null,
        1,
        3,
        3,
        null,
        null
      ],
      "/home/notebook/RubymineProjects/JetRubyTest/app/models/ability.rb": [
        1,
        1,
        null,
        1,
        79,
        null,
        79,
        null,
        74,
        65,
        65,
        null,
        null,
        74,
        null,
        39,
        39,
        39,
        39,
        null,
        9,
        null,
        26,
        26,
        null,
        null,
        null,
        null,
        null
      ],
      "/home/notebook/RubymineProjects/JetRubyTest/app/models/api_key.rb": [
        1,
        5,
        2,
        11,
        5,
        null,
        1,
        30,
        30,
        null,
        null,
        null,
        1,
        null,
        null,
        1,
        null,
        24,
        24,
        null,
        null
      ],
      "/home/notebook/RubymineProjects/JetRubyTest/app/models/item.rb": [
        1,
        1,
        1,
        1,
        1,
        null,
        1,
        9,
        null,
        null
      ],
      "/home/notebook/RubymineProjects/JetRubyTest/app/models/meal.rb": [
        1,
        1,
        null,
        1,
        1,
        1,
        1,
        1,
        5,
        1,
        6,
        null,
        null,
        1,
        14,
        null,
        null,
        1,
        3,
        null,
        null
      ],
      "/home/notebook/RubymineProjects/JetRubyTest/app/models/concerns/scopeable.rb": [
        1,
        1,
        null,
        1,
        23,
        null,
        null
      ],
      "/home/notebook/RubymineProjects/JetRubyTest/app/models/menu_item.rb": [
        1,
        1,
        1,
        null
      ],
      "/home/notebook/RubymineProjects/JetRubyTest/app/models/order.rb": [
        1,
        1,
        null,
        1,
        1,
        1,
        1,
        null,
        1,
        6,
        null,
        null,
        1,
        2,
        null,
        null,
        1,
        5,
        null,
        null,
        1,
        2,
        null,
        null
      ],
      "/home/notebook/RubymineProjects/JetRubyTest/app/jobs/application_job.rb": [
        0,
        0
      ],
      "/home/notebook/RubymineProjects/JetRubyTest/app/channels/application_cable/channel.rb": [
        0,
        0,
        0,
        0
      ],
      "/home/notebook/RubymineProjects/JetRubyTest/app/channels/application_cable/connection.rb": [
        0,
        0,
        0,
        0
      ],
      "/home/notebook/RubymineProjects/JetRubyTest/app/mailers/application_mailer.rb": [
        0,
        0,
        0,
        0
      ]
    },
    "timestamp": 1472695637
  },
  "(3/8)": {
    "coverage": {
      "/home/notebook/RubymineProjects/JetRubyTest/app/models/user.rb": [
        1,
        1,
        null,
        1,
        1,
        null,
        null,
        null,
        1,
        1,
        1,
        1,
        1,
        1,
        1,
        3,
        null,
        null,
        1,
        0,
        null,
        null,
        1,
        0,
        null,
        null,
        1,
        10,
        null,
        null,
        1,
        0,
        0,
        null,
        0,
        null,
        null,
        null,
        null,
        null,
        null,
        null,
        null,
        0,
        0,
        0,
        null,
        null
      ],
      "/home/notebook/RubymineProjects/JetRubyTest/app/models/application_record.rb": [
        1,
        1,
        null
      ],
      "/home/notebook/RubymineProjects/JetRubyTest/app/controllers/items_controller.rb": [
        1,
        1,
        1,
        1,
        null,
        1,
        1,
        null,
        null,
        1,
        3,
        3,
        null,
        null,
        1,
        5,
        3,
        null,
        2,
        2,
        null,
        null,
        null,
        1,
        5,
        5,
        3,
        null,
        2,
        2,
        null,
        null,
        null,
        null,
        1,
        null,
        null,
        1,
        8,
        null,
        null,
        1,
        10,
        null,
        null
      ],
      "/home/notebook/RubymineProjects/JetRubyTest/app/controllers/application_controller.rb": [
        1,
        1,
        1,
        1,
        null,
        null
      ],
      "/home/notebook/RubymineProjects/JetRubyTest/app/helpers/application_helper.rb": [
        1,
        null
      ],
      "/home/notebook/RubymineProjects/JetRubyTest/app/helpers/items_helper.rb": [
        1,
        1,
        null,
        0,
        null,
        null,
        null,
        null,
        null,
        1,
        0,
        0,
        0,
        0,
        null,
        null,
        null
      ],
      "/home/notebook/RubymineProjects/JetRubyTest/app/helpers/menus_helper.rb": [
        1,
        1,
        0,
        null,
        null,
        1,
        0,
        0,
        0,
        0,
        null,
        0,
        null,
        null,
        null
      ],
      "/home/notebook/RubymineProjects/JetRubyTest/app/models/item.rb": [
        1,
        1,
        1,
        1,
        1,
        null,
        1,
        6,
        null,
        null
      ],
      "/home/notebook/RubymineProjects/JetRubyTest/app/models/ability.rb": [
        1,
        1,
        null,
        1,
        10,
        null,
        10,
        null,
        10,
        10,
        10,
        null,
        null,
        10,
        null,
        9,
        9,
        9,
        9,
        null,
        0,
        null,
        1,
        1,
        null,
        null,
        null,
        null,
        null
      ],
      "/home/notebook/RubymineProjects/JetRubyTest/app/models/meal.rb": [
        1,
        1,
        null,
        1,
        1,
        1,
        1,
        1,
        1,
        1,
        3,
        null,
        null,
        1,
        0,
        null,
        null,
        1,
        0,
        null,
        null
      ],
      "/home/notebook/RubymineProjects/JetRubyTest/app/models/concerns/scopeable.rb": [
        1,
        1,
        null,
        1,
        2,
        null,
        null
      ],
      "/home/notebook/RubymineProjects/JetRubyTest/app/models/order.rb": [
        1,
        1,
        null,
        1,
        1,
        1,
        1,
        null,
        1,
        3,
        null,
        null,
        1,
        0,
        null,
        null,
        1,
        0,
        null,
        null,
        1,
        0,
        null,
        null
      ],
      "/home/notebook/RubymineProjects/JetRubyTest/app/jobs/application_job.rb": [
        0,
        0
      ],
      "/home/notebook/RubymineProjects/JetRubyTest/app/channels/application_cable/channel.rb": [
        0,
        0,
        0,
        0
      ],
      "/home/notebook/RubymineProjects/JetRubyTest/app/channels/application_cable/connection.rb": [
        0,
        0,
        0,
        0
      ],
      "/home/notebook/RubymineProjects/JetRubyTest/app/mailers/application_mailer.rb": [
        0,
        0,
        0,
        0
      ],
      "/home/notebook/RubymineProjects/JetRubyTest/app/models/menu_item.rb": [
        0,
        0,
        0,
        0
      ],
      "/home/notebook/RubymineProjects/JetRubyTest/app/models/api_key.rb": [
        0,
        0,
        0,
        0,
        0,
        0,
        0,
        0,
        0,
        0,
        0,
        0,
        0,
        0,
        0,
        0,
        0,
        0,
        0,
        0,
        0
      ],
      "/home/notebook/RubymineProjects/JetRubyTest/app/controllers/api/v1/orders_controller.rb": [
        0,
        0,
        0,
        0,
        0,
        0,
        0,
        0,
        0,
        0,
        0,
        0,
        0,
        0,
        0,
        0,
        0,
        0,
        0,
        0,
        0,
        0,
        0,
        0,
        0,
        0,
        0,
        0,
        0,
        0,
        0,
        0,
        0,
        0,
        0,
        0,
        0,
        0,
        0,
        0,
        0,
        0,
        0,
        0
      ],
      "/home/notebook/RubymineProjects/JetRubyTest/app/controllers/users_controller.rb": [
        0,
        0,
        0,
        0,
        0,
        0,
        0,
        0,
        0,
        0,
        0,
        0,
        0,
        0,
        0,
        0,
        0
      ],
      "/home/notebook/RubymineProjects/JetRubyTest/app/controllers/menus_controller.rb": [
        0,
        0,
        0,
        0,
        0,
        0,
        0,
        0,
        0,
        0,
        0,
        0,
        0,
        0,
        0,
        0,
        0,
        0
      ],
      "/home/notebook/RubymineProjects/JetRubyTest/app/controllers/orders_controller.rb": [
        0,
        0,
        0,
        0,
        0,
        0,
        0,
        0,
        0,
        0,
        0,
        0,
        0,
        0,
        0,
        0,
        0,
        0,
        0,
        0,
        0,
        0,
        0,
        0,
        0,
        0,
        0,
        0,
        0,
        0,
        0,
        0,
        0,
        0,
        0,
        0,
        0,
        0,
        0,
        0,
        0,
        0,
        0,
        0,
        0,
        0,
        0,
        0,
        0,
        0,
        0,
        0,
        0,
        0,
        0,
        0,
        0,
        0,
        0,
        0,
        0,
        0,
        0,
        0,
        0,
        0,
        0
      ],
      "/home/notebook/RubymineProjects/JetRubyTest/app/controllers/registrations_controller.rb": [
        0,
        0,
        0,
        0,
        0,
        0,
        0,
        0,
        0,
        0,
        0,
        0,
        0,
        0,
        0,
        0,
        0,
        0,
        0,
        0,
        0,
        0,
        0,
        0,
        0,
        0,
        0,
        0,
        0,
        0,
        0,
        0,
        0,
        0,
        0,
        0
      ],
      "/home/notebook/RubymineProjects/JetRubyTest/app/controllers/omniauth_callbacks_controller.rb": [
        0,
        0,
        0,
        0,
        0,
        0,
        0,
        0,
        0,
        0,
        0,
        0,
        0,
        0,
        0,
        0,
        0,
        0,
        0
      ],
      "/home/notebook/RubymineProjects/JetRubyTest/app/controllers/meals_controller.rb": [
        0,
        0,
        0,
        0,
        0,
        0,
        0,
        0,
        0,
        0,
        0,
        0,
        0,
        0,
        0,
        0,
        0,
        0,
        0,
        0,
        0,
        0,
        0,
        0,
        0,
        0,
        0,
        0,
        0,
        0,
        0,
        0,
        0
      ]
    },
    "timestamp": 1472341943
  },
  "(5/8)": {
    "coverage": {
      "/home/notebook/RubymineProjects/JetRubyTest/app/models/user.rb": [
        1,
        1,
        null,
        1,
        1,
        null,
        null,
        null,
        1,
        1,
        1,
        1,
        1,
        1,
        1,
        3,
        null,
        null,
        1,
        0,
        null,
        null,
        1,
        0,
        null,
        null,
        1,
        13,
        null,
        null,
        1,
        0,
        0,
        null,
        0,
        null,
        null,
        null,
        null,
        null,
        null,
        null,
        null,
        0,
        0,
        0,
        null,
        null
      ],
      "/home/notebook/RubymineProjects/JetRubyTest/app/models/application_record.rb": [
        1,
        1,
        null
      ],
      "/home/notebook/RubymineProjects/JetRubyTest/app/controllers/registrations_controller.rb": [
        1,
        1,
        null,
        1,
        5,
        3,
        null,
        2,
        null,
        null,
        null,
        1,
        5,
        5,
        3,
        3,
        null,
        2,
        null,
        5,
        null,
        null,
        1,
        null,
        1,
        0,
        null,
        null,
        1,
        5,
        null,
        null,
        1,
        12,
        null,
        null
      ],
      "/home/notebook/RubymineProjects/JetRubyTest/app/controllers/application_controller.rb": [
        1,
        1,
        1,
        1,
        null,
        null
      ],
      "/home/notebook/RubymineProjects/JetRubyTest/app/helpers/application_helper.rb": [
        1,
        null
      ],
      "/home/notebook/RubymineProjects/JetRubyTest/app/helpers/items_helper.rb": [
        1,
        1,
        null,
        0,
        null,
        null,
        null,
        null,
        null,
        1,
        0,
        0,
        0,
        0,
        null,
        null,
        null
      ],
      "/home/notebook/RubymineProjects/JetRubyTest/app/helpers/menus_helper.rb": [
        1,
        1,
        3,
        null,
        null,
        1,
        3,
        1,
        2,
        1,
        null,
        1,
        null,
        null,
        null
      ],
      "/home/notebook/RubymineProjects/JetRubyTest/app/models/ability.rb": [
        1,
        1,
        null,
        1,
        13,
        null,
        13,
        null,
        13,
        12,
        12,
        null,
        null,
        13,
        null,
        0,
        0,
        0,
        0,
        null,
        1,
        null,
        12,
        12,
        null,
        null,
        null,
        null,
        null
      ],
      "/home/notebook/RubymineProjects/JetRubyTest/app/models/meal.rb": [
        1,
        1,
        null,
        1,
        1,
        1,
        1,
        1,
        1,
        1,
        3,
        null,
        null,
        1,
        5,
        null,
        null,
        1,
        0,
        null,
        null
      ],
      "/home/notebook/RubymineProjects/JetRubyTest/app/models/concerns/scopeable.rb": [
        1,
        1,
        null,
        1,
        4,
        null,
        null
      ],
      "/home/notebook/RubymineProjects/JetRubyTest/app/models/item.rb": [
        1,
        1,
        1,
        1,
        1,
        null,
        1,
        6,
        null,
        null
      ],
      "/home/notebook/RubymineProjects/JetRubyTest/app/models/order.rb": [
        1,
        1,
        null,
        1,
        1,
        1,
        1,
        null,
        1,
        3,
        null,
        null,
        1,
        0,
        null,
        null,
        1,
        0,
        null,
        null,
        1,
        0,
        null,
        null
      ],
      "/home/notebook/RubymineProjects/JetRubyTest/app/jobs/application_job.rb": [
        0,
        0
      ],
      "/home/notebook/RubymineProjects/JetRubyTest/app/channels/application_cable/channel.rb": [
        0,
        0,
        0,
        0
      ],
      "/home/notebook/RubymineProjects/JetRubyTest/app/channels/application_cable/connection.rb": [
        0,
        0,
        0,
        0
      ],
      "/home/notebook/RubymineProjects/JetRubyTest/app/mailers/application_mailer.rb": [
        0,
        0,
        0,
        0
      ],
      "/home/notebook/RubymineProjects/JetRubyTest/app/models/menu_item.rb": [
        0,
        0,
        0,
        0
      ],
      "/home/notebook/RubymineProjects/JetRubyTest/app/models/api_key.rb": [
        0,
        0,
        0,
        0,
        0,
        0,
        0,
        0,
        0,
        0,
        0,
        0,
        0,
        0,
        0,
        0,
        0,
        0,
        0,
        0,
        0
      ],
      "/home/notebook/RubymineProjects/JetRubyTest/app/controllers/api/v1/orders_controller.rb": [
        0,
        0,
        0,
        0,
        0,
        0,
        0,
        0,
        0,
        0,
        0,
        0,
        0,
        0,
        0,
        0,
        0,
        0,
        0,
        0,
        0,
        0,
        0,
        0,
        0,
        0,
        0,
        0,
        0,
        0,
        0,
        0,
        0,
        0,
        0,
        0,
        0,
        0,
        0,
        0,
        0,
        0,
        0,
        0
      ],
      "/home/notebook/RubymineProjects/JetRubyTest/app/controllers/users_controller.rb": [
        0,
        0,
        0,
        0,
        0,
        0,
        0,
        0,
        0,
        0,
        0,
        0,
        0,
        0,
        0,
        0,
        0
      ],
      "/home/notebook/RubymineProjects/JetRubyTest/app/controllers/menus_controller.rb": [
        0,
        0,
        0,
        0,
        0,
        0,
        0,
        0,
        0,
        0,
        0,
        0,
        0,
        0,
        0,
        0,
        0,
        0
      ],
      "/home/notebook/RubymineProjects/JetRubyTest/app/controllers/orders_controller.rb": [
        0,
        0,
        0,
        0,
        0,
        0,
        0,
        0,
        0,
        0,
        0,
        0,
        0,
        0,
        0,
        0,
        0,
        0,
        0,
        0,
        0,
        0,
        0,
        0,
        0,
        0,
        0,
        0,
        0,
        0,
        0,
        0,
        0,
        0,
        0,
        0,
        0,
        0,
        0,
        0,
        0,
        0,
        0,
        0,
        0,
        0,
        0,
        0,
        0,
        0,
        0,
        0,
        0,
        0,
        0,
        0,
        0,
        0,
        0,
        0,
        0,
        0,
        0,
        0,
        0,
        0,
        0
      ],
      "/home/notebook/RubymineProjects/JetRubyTest/app/controllers/items_controller.rb": [
        0,
        0,
        0,
        0,
        0,
        0,
        0,
        0,
        0,
        0,
        0,
        0,
        0,
        0,
        0,
        0,
        0,
        0,
        0,
        0,
        0,
        0,
        0,
        0,
        0,
        0,
        0,
        0,
        0,
        0,
        0,
        0,
        0,
        0,
        0,
        0,
        0,
        0,
        0,
        0,
        0,
        0,
        0,
        0,
        0
      ],
      "/home/notebook/RubymineProjects/JetRubyTest/app/controllers/omniauth_callbacks_controller.rb": [
        0,
        0,
        0,
        0,
        0,
        0,
        0,
        0,
        0,
        0,
        0,
        0,
        0,
        0,
        0,
        0,
        0,
        0,
        0
      ],
      "/home/notebook/RubymineProjects/JetRubyTest/app/controllers/meals_controller.rb": [
        0,
        0,
        0,
        0,
        0,
        0,
        0,
        0,
        0,
        0,
        0,
        0,
        0,
        0,
        0,
        0,
        0,
        0,
        0,
        0,
        0,
        0,
        0,
        0,
        0,
        0,
        0,
        0,
        0,
        0,
        0,
        0,
        0
      ]
    },
    "timestamp": 1472341943
  },
  "(8/8)": {
    "coverage": {
      "/home/notebook/RubymineProjects/JetRubyTest/app/models/user.rb": [
        1,
        1,
        null,
        1,
        1,
        null,
        null,
        null,
        1,
        1,
        1,
        1,
        1,
        1,
        1,
        3,
        null,
        null,
        1,
        0,
        null,
        null,
        1,
        0,
        null,
        null,
        1,
        0,
        null,
        null,
        1,
        0,
        0,
        null,
        0,
        null,
        null,
        null,
        null,
        null,
        null,
        null,
        null,
        0,
        0,
        0,
        null,
        null
      ],
      "/home/notebook/RubymineProjects/JetRubyTest/app/models/application_record.rb": [
        1,
        1,
        null
      ],
      "/home/notebook/RubymineProjects/JetRubyTest/app/controllers/api/v1/orders_controller.rb": [
        1,
        1,
        null,
        1,
        1,
        null,
        1,
        5,
        5,
        null,
        null,
        null,
        1,
        null,
        null,
        1,
        9,
        null,
        9,
        null,
        null,
        1,
        7,
        null,
        null,
        1,
        4,
        4,
        4,
        4,
        null,
        null,
        null,
        null,
        1,
        4,
        2,
        2,
        null,
        null,
        null,
        null,
        null,
        null
      ],
      "/home/notebook/RubymineProjects/JetRubyTest/app/controllers/application_controller.rb": [
        1,
        1,
        1,
        0,
        null,
        null
      ],
      "/home/notebook/RubymineProjects/JetRubyTest/app/helpers/application_helper.rb": [
        1,
        null
      ],
      "/home/notebook/RubymineProjects/JetRubyTest/app/helpers/items_helper.rb": [
        1,
        1,
        null,
        0,
        null,
        null,
        null,
        null,
        null,
        1,
        0,
        0,
        0,
        0,
        null,
        null,
        null
      ],
      "/home/notebook/RubymineProjects/JetRubyTest/app/helpers/menus_helper.rb": [
        1,
        1,
        0,
        null,
        null,
        1,
        0,
        0,
        0,
        0,
        null,
        0,
        null,
        null,
        null
      ],
      "/home/notebook/RubymineProjects/JetRubyTest/app/models/order.rb": [
        1,
        1,
        null,
        1,
        1,
        1,
        1,
        null,
        1,
        6,
        null,
        null,
        1,
        2,
        null,
        null,
        1,
        5,
        null,
        null,
        1,
        2,
        null,
        null
      ],
      "/home/notebook/RubymineProjects/JetRubyTest/app/models/concerns/scopeable.rb": [
        1,
        1,
        null,
        1,
        9,
        null,
        null
      ],
      "/home/notebook/RubymineProjects/JetRubyTest/app/models/item.rb": [
        1,
        1,
        1,
        1,
        1,
        null,
        1,
        3,
        null,
        null
      ],
      "/home/notebook/RubymineProjects/JetRubyTest/app/models/meal.rb": [
        1,
        1,
        null,
        1,
        1,
        1,
        1,
        1,
        1,
        1,
        3,
        null,
        null,
        1,
        0,
        null,
        null,
        1,
        0,
        null,
        null
      ],
      "/home/notebook/RubymineProjects/JetRubyTest/app/models/menu_item.rb": [
        1,
        1,
        1,
        null
      ],
      "/home/notebook/RubymineProjects/JetRubyTest/app/models/api_key.rb": [
        1,
        1,
        1,
        10,
        1,
        null,
        1,
        9,
        9,
        null,
        null,
        null,
        1,
        null,
        null,
        1,
        null,
        9,
        9,
        null,
        null
      ],
      "/home/notebook/RubymineProjects/JetRubyTest/app/jobs/application_job.rb": [
        0,
        0
      ],
      "/home/notebook/RubymineProjects/JetRubyTest/app/channels/application_cable/channel.rb": [
        0,
        0,
        0,
        0
      ],
      "/home/notebook/RubymineProjects/JetRubyTest/app/channels/application_cable/connection.rb": [
        0,
        0,
        0,
        0
      ],
      "/home/notebook/RubymineProjects/JetRubyTest/app/mailers/application_mailer.rb": [
        0,
        0,
        0,
        0
      ],
      "/home/notebook/RubymineProjects/JetRubyTest/app/models/ability.rb": [
        0,
        0,
        0,
        0,
        0,
        0,
        0,
        0,
        0,
        0,
        0,
        0,
        0,
        0,
        0,
        0,
        0,
        0,
        0,
        0,
        0,
        0,
        0,
        0,
        0,
        0,
        0,
        0,
        0
      ],
      "/home/notebook/RubymineProjects/JetRubyTest/app/controllers/users_controller.rb": [
        0,
        0,
        0,
        0,
        0,
        0,
        0,
        0,
        0,
        0,
        0,
        0,
        0,
        0,
        0,
        0,
        0
      ],
      "/home/notebook/RubymineProjects/JetRubyTest/app/controllers/menus_controller.rb": [
        0,
        0,
        0,
        0,
        0,
        0,
        0,
        0,
        0,
        0,
        0,
        0,
        0,
        0,
        0,
        0,
        0,
        0
      ],
      "/home/notebook/RubymineProjects/JetRubyTest/app/controllers/orders_controller.rb": [
        0,
        0,
        0,
        0,
        0,
        0,
        0,
        0,
        0,
        0,
        0,
        0,
        0,
        0,
        0,
        0,
        0,
        0,
        0,
        0,
        0,
        0,
        0,
        0,
        0,
        0,
        0,
        0,
        0,
        0,
        0,
        0,
        0,
        0,
        0,
        0,
        0,
        0,
        0,
        0,
        0,
        0,
        0,
        0,
        0,
        0,
        0,
        0,
        0,
        0,
        0,
        0,
        0,
        0,
        0,
        0,
        0,
        0,
        0,
        0,
        0,
        0,
        0,
        0,
        0,
        0,
        0
      ],
      "/home/notebook/RubymineProjects/JetRubyTest/app/controllers/registrations_controller.rb": [
        0,
        0,
        0,
        0,
        0,
        0,
        0,
        0,
        0,
        0,
        0,
        0,
        0,
        0,
        0,
        0,
        0,
        0,
        0,
        0,
        0,
        0,
        0,
        0,
        0,
        0,
        0,
        0,
        0,
        0,
        0,
        0,
        0,
        0,
        0,
        0
      ],
      "/home/notebook/RubymineProjects/JetRubyTest/app/controllers/items_controller.rb": [
        0,
        0,
        0,
        0,
        0,
        0,
        0,
        0,
        0,
        0,
        0,
        0,
        0,
        0,
        0,
        0,
        0,
        0,
        0,
        0,
        0,
        0,
        0,
        0,
        0,
        0,
        0,
        0,
        0,
        0,
        0,
        0,
        0,
        0,
        0,
        0,
        0,
        0,
        0,
        0,
        0,
        0,
        0,
        0,
        0
      ],
      "/home/notebook/RubymineProjects/JetRubyTest/app/controllers/omniauth_callbacks_controller.rb": [
        0,
        0,
        0,
        0,
        0,
        0,
        0,
        0,
        0,
        0,
        0,
        0,
        0,
        0,
        0,
        0,
        0,
        0,
        0
      ],
      "/home/notebook/RubymineProjects/JetRubyTest/app/controllers/meals_controller.rb": [
        0,
        0,
        0,
        0,
        0,
        0,
        0,
        0,
        0,
        0,
        0,
        0,
        0,
        0,
        0,
        0,
        0,
        0,
        0,
        0,
        0,
        0,
        0,
        0,
        0,
        0,
        0,
        0,
        0,
        0,
        0,
        0,
        0
      ]
    },
    "timestamp": 1472341944
  },
  "(4/8)": {
    "coverage": {
      "/home/notebook/RubymineProjects/JetRubyTest/app/models/user.rb": [
        1,
        1,
        null,
        1,
        1,
        null,
        null,
        null,
        1,
        1,
        1,
        1,
        1,
        1,
        1,
        3,
        null,
        null,
        1,
        0,
        null,
        null,
        1,
        0,
        null,
        null,
        1,
        23,
        null,
        null,
        1,
        0,
        0,
        null,
        0,
        null,
        null,
        null,
        null,
        null,
        null,
        null,
        null,
        0,
        0,
        0,
        null,
        null
      ],
      "/home/notebook/RubymineProjects/JetRubyTest/app/models/application_record.rb": [
        1,
        1,
        null
      ],
      "/home/notebook/RubymineProjects/JetRubyTest/app/models/ability.rb": [
        1,
        1,
        null,
        1,
        25,
        null,
        25,
        null,
        23,
        19,
        19,
        null,
        null,
        23,
        null,
        9,
        9,
        9,
        9,
        null,
        4,
        null,
        10,
        10,
        null,
        null,
        null,
        null,
        null
      ],
      "/home/notebook/RubymineProjects/JetRubyTest/app/models/api_key.rb": [
        1,
        2,
        2,
        2,
        2,
        null,
        1,
        16,
        16,
        null,
        null,
        null,
        1,
        null,
        null,
        1,
        null,
        10,
        10,
        null,
        null
      ],
      "/home/notebook/RubymineProjects/JetRubyTest/app/models/meal.rb": [
        1,
        1,
        null,
        1,
        1,
        1,
        1,
        1,
        1,
        1,
        3,
        null,
        null,
        1,
        0,
        null,
        null,
        1,
        0,
        null,
        null
      ],
      "/home/notebook/RubymineProjects/JetRubyTest/app/models/concerns/scopeable.rb": [
        1,
        1,
        null,
        1,
        2,
        null,
        null
      ],
      "/home/notebook/RubymineProjects/JetRubyTest/app/models/item.rb": [
        1,
        1,
        1,
        1,
        1,
        null,
        1,
        3,
        null,
        null
      ],
      "/home/notebook/RubymineProjects/JetRubyTest/app/models/order.rb": [
        1,
        1,
        null,
        1,
        1,
        1,
        1,
        null,
        1,
        3,
        null,
        null,
        1,
        0,
        null,
        null,
        1,
        0,
        null,
        null,
        1,
        0,
        null,
        null
      ],
      "/home/notebook/RubymineProjects/JetRubyTest/app/helpers/items_helper.rb": [
        0,
        0,
        0,
        0,
        0,
        0,
        0,
        0,
        0,
        0,
        0,
        0,
        0,
        0,
        0,
        0,
        0
      ],
      "/home/notebook/RubymineProjects/JetRubyTest/app/helpers/menus_helper.rb": [
        0,
        0,
        0,
        0,
        0,
        0,
        0,
        0,
        0,
        0,
        0,
        0,
        0,
        0,
        0
      ],
      "/home/notebook/RubymineProjects/JetRubyTest/app/helpers/application_helper.rb": [
        0,
        0
      ],
      "/home/notebook/RubymineProjects/JetRubyTest/app/jobs/application_job.rb": [
        0,
        0
      ],
      "/home/notebook/RubymineProjects/JetRubyTest/app/channels/application_cable/channel.rb": [
        0,
        0,
        0,
        0
      ],
      "/home/notebook/RubymineProjects/JetRubyTest/app/channels/application_cable/connection.rb": [
        0,
        0,
        0,
        0
      ],
      "/home/notebook/RubymineProjects/JetRubyTest/app/mailers/application_mailer.rb": [
        0,
        0,
        0,
        0
      ],
      "/home/notebook/RubymineProjects/JetRubyTest/app/models/menu_item.rb": [
        0,
        0,
        0,
        0
      ],
      "/home/notebook/RubymineProjects/JetRubyTest/app/controllers/api/v1/orders_controller.rb": [
        0,
        0,
        0,
        0,
        0,
        0,
        0,
        0,
        0,
        0,
        0,
        0,
        0,
        0,
        0,
        0,
        0,
        0,
        0,
        0,
        0,
        0,
        0,
        0,
        0,
        0,
        0,
        0,
        0,
        0,
        0,
        0,
        0,
        0,
        0,
        0,
        0,
        0,
        0,
        0,
        0,
        0,
        0,
        0
      ],
      "/home/notebook/RubymineProjects/JetRubyTest/app/controllers/users_controller.rb": [
        0,
        0,
        0,
        0,
        0,
        0,
        0,
        0,
        0,
        0,
        0,
        0,
        0,
        0,
        0,
        0,
        0
      ],
      "/home/notebook/RubymineProjects/JetRubyTest/app/controllers/menus_controller.rb": [
        0,
        0,
        0,
        0,
        0,
        0,
        0,
        0,
        0,
        0,
        0,
        0,
        0,
        0,
        0,
        0,
        0,
        0
      ],
      "/home/notebook/RubymineProjects/JetRubyTest/app/controllers/application_controller.rb": [
        0,
        0,
        0,
        0,
        0,
        0
      ],
      "/home/notebook/RubymineProjects/JetRubyTest/app/controllers/orders_controller.rb": [
        0,
        0,
        0,
        0,
        0,
        0,
        0,
        0,
        0,
        0,
        0,
        0,
        0,
        0,
        0,
        0,
        0,
        0,
        0,
        0,
        0,
        0,
        0,
        0,
        0,
        0,
        0,
        0,
        0,
        0,
        0,
        0,
        0,
        0,
        0,
        0,
        0,
        0,
        0,
        0,
        0,
        0,
        0,
        0,
        0,
        0,
        0,
        0,
        0,
        0,
        0,
        0,
        0,
        0,
        0,
        0,
        0,
        0,
        0,
        0,
        0,
        0,
        0,
        0,
        0,
        0,
        0
      ],
      "/home/notebook/RubymineProjects/JetRubyTest/app/controllers/registrations_controller.rb": [
        0,
        0,
        0,
        0,
        0,
        0,
        0,
        0,
        0,
        0,
        0,
        0,
        0,
        0,
        0,
        0,
        0,
        0,
        0,
        0,
        0,
        0,
        0,
        0,
        0,
        0,
        0,
        0,
        0,
        0,
        0,
        0,
        0,
        0,
        0,
        0
      ],
      "/home/notebook/RubymineProjects/JetRubyTest/app/controllers/items_controller.rb": [
        0,
        0,
        0,
        0,
        0,
        0,
        0,
        0,
        0,
        0,
        0,
        0,
        0,
        0,
        0,
        0,
        0,
        0,
        0,
        0,
        0,
        0,
        0,
        0,
        0,
        0,
        0,
        0,
        0,
        0,
        0,
        0,
        0,
        0,
        0,
        0,
        0,
        0,
        0,
        0,
        0,
        0,
        0,
        0,
        0
      ],
      "/home/notebook/RubymineProjects/JetRubyTest/app/controllers/omniauth_callbacks_controller.rb": [
        0,
        0,
        0,
        0,
        0,
        0,
        0,
        0,
        0,
        0,
        0,
        0,
        0,
        0,
        0,
        0,
        0,
        0,
        0
      ],
      "/home/notebook/RubymineProjects/JetRubyTest/app/controllers/meals_controller.rb": [
        0,
        0,
        0,
        0,
        0,
        0,
        0,
        0,
        0,
        0,
        0,
        0,
        0,
        0,
        0,
        0,
        0,
        0,
        0,
        0,
        0,
        0,
        0,
        0,
        0,
        0,
        0,
        0,
        0,
        0,
        0,
        0,
        0
      ]
    },
    "timestamp": 1472341942
  },
  "(1/8)": {
    "coverage": {
      "/home/notebook/RubymineProjects/JetRubyTest/app/models/user.rb": [
        1,
        1,
        null,
        1,
        1,
        null,
        null,
        null,
        1,
        1,
        1,
        1,
        1,
        1,
        1,
        3,
        null,
        null,
        1,
        0,
        null,
        null,
        1,
        0,
        null,
        null,
        1,
        9,
        null,
        null,
        1,
        0,
        0,
        null,
        0,
        null,
        null,
        null,
        null,
        null,
        null,
        null,
        null,
        0,
        0,
        0,
        null,
        null
      ],
      "/home/notebook/RubymineProjects/JetRubyTest/app/models/application_record.rb": [
        1,
        1,
        null
      ],
      "/home/notebook/RubymineProjects/JetRubyTest/app/controllers/orders_controller.rb": [
        1,
        1,
        null,
        1,
        1,
        1,
        null,
        1,
        7,
        7,
        7,
        4,
        4,
        4,
        4,
        null,
        null,
        null,
        null,
        null,
        null,
        null,
        3,
        null,
        null,
        7,
        4,
        null,
        3,
        null,
        null,
        7,
        null,
        null,
        1,
        2,
        null,
        null,
        1,
        3,
        3,
        null,
        3,
        6,
        null,
        null,
        null,
        1,
        1,
        null,
        null,
        1,
        2,
        null,
        null,
        null,
        1,
        null,
        null,
        1,
        7,
        null,
        null,
        1,
        6,
        null,
        null
      ],
      "/home/notebook/RubymineProjects/JetRubyTest/app/controllers/application_controller.rb": [
        1,
        1,
        1,
        1,
        null,
        null
      ],
      "/home/notebook/RubymineProjects/JetRubyTest/app/helpers/application_helper.rb": [
        1,
        null
      ],
      "/home/notebook/RubymineProjects/JetRubyTest/app/helpers/items_helper.rb": [
        1,
        1,
        null,
        1,
        null,
        null,
        null,
        null,
        null,
        1,
        3,
        1,
        1,
        1,
        null,
        null,
        null
      ],
      "/home/notebook/RubymineProjects/JetRubyTest/app/helpers/menus_helper.rb": [
        1,
        1,
        0,
        null,
        null,
        1,
        0,
        0,
        0,
        0,
        null,
        0,
        null,
        null,
        null
      ],
      "/home/notebook/RubymineProjects/JetRubyTest/app/models/menu_item.rb": [
        1,
        1,
        1,
        null
      ],
      "/home/notebook/RubymineProjects/JetRubyTest/app/models/order.rb": [
        1,
        1,
        null,
        1,
        1,
        1,
        1,
        null,
        1,
        3,
        null,
        null,
        1,
        0,
        null,
        null,
        1,
        0,
        null,
        null,
        1,
        0,
        null,
        null
      ],
      "/home/notebook/RubymineProjects/JetRubyTest/app/models/concerns/scopeable.rb": [
        1,
        1,
        null,
        1,
        9,
        null,
        null
      ],
      "/home/notebook/RubymineProjects/JetRubyTest/app/models/ability.rb": [
        1,
        1,
        null,
        1,
        9,
        null,
        9,
        null,
        9,
        9,
        9,
        null,
        null,
        9,
        null,
        8,
        8,
        8,
        8,
        null,
        0,
        null,
        1,
        1,
        null,
        null,
        null,
        null,
        null
      ],
      "/home/notebook/RubymineProjects/JetRubyTest/app/models/meal.rb": [
        1,
        1,
        null,
        1,
        1,
        1,
        1,
        1,
        1,
        1,
        3,
        null,
        null,
        1,
        0,
        null,
        null,
        1,
        0,
        null,
        null
      ],
      "/home/notebook/RubymineProjects/JetRubyTest/app/models/item.rb": [
        1,
        1,
        1,
        1,
        1,
        null,
        1,
        3,
        null,
        null
      ],
      "/home/notebook/RubymineProjects/JetRubyTest/app/jobs/application_job.rb": [
        0,
        0
      ],
      "/home/notebook/RubymineProjects/JetRubyTest/app/channels/application_cable/channel.rb": [
        0,
        0,
        0,
        0
      ],
      "/home/notebook/RubymineProjects/JetRubyTest/app/channels/application_cable/connection.rb": [
        0,
        0,
        0,
        0
      ],
      "/home/notebook/RubymineProjects/JetRubyTest/app/mailers/application_mailer.rb": [
        0,
        0,
        0,
        0
      ],
      "/home/notebook/RubymineProjects/JetRubyTest/app/models/api_key.rb": [
        0,
        0,
        0,
        0,
        0,
        0,
        0,
        0,
        0,
        0,
        0,
        0,
        0,
        0,
        0,
        0,
        0,
        0,
        0,
        0,
        0
      ],
      "/home/notebook/RubymineProjects/JetRubyTest/app/controllers/api/v1/orders_controller.rb": [
        0,
        0,
        0,
        0,
        0,
        0,
        0,
        0,
        0,
        0,
        0,
        0,
        0,
        0,
        0,
        0,
        0,
        0,
        0,
        0,
        0,
        0,
        0,
        0,
        0,
        0,
        0,
        0,
        0,
        0,
        0,
        0,
        0,
        0,
        0,
        0,
        0,
        0,
        0,
        0,
        0,
        0,
        0,
        0
      ],
      "/home/notebook/RubymineProjects/JetRubyTest/app/controllers/users_controller.rb": [
        0,
        0,
        0,
        0,
        0,
        0,
        0,
        0,
        0,
        0,
        0,
        0,
        0,
        0,
        0,
        0,
        0
      ],
      "/home/notebook/RubymineProjects/JetRubyTest/app/controllers/menus_controller.rb": [
        0,
        0,
        0,
        0,
        0,
        0,
        0,
        0,
        0,
        0,
        0,
        0,
        0,
        0,
        0,
        0,
        0,
        0
      ],
      "/home/notebook/RubymineProjects/JetRubyTest/app/controllers/registrations_controller.rb": [
        0,
        0,
        0,
        0,
        0,
        0,
        0,
        0,
        0,
        0,
        0,
        0,
        0,
        0,
        0,
        0,
        0,
        0,
        0,
        0,
        0,
        0,
        0,
        0,
        0,
        0,
        0,
        0,
        0,
        0,
        0,
        0,
        0,
        0,
        0,
        0
      ],
      "/home/notebook/RubymineProjects/JetRubyTest/app/controllers/items_controller.rb": [
        0,
        0,
        0,
        0,
        0,
        0,
        0,
        0,
        0,
        0,
        0,
        0,
        0,
        0,
        0,
        0,
        0,
        0,
        0,
        0,
        0,
        0,
        0,
        0,
        0,
        0,
        0,
        0,
        0,
        0,
        0,
        0,
        0,
        0,
        0,
        0,
        0,
        0,
        0,
        0,
        0,
        0,
        0,
        0,
        0
      ],
      "/home/notebook/RubymineProjects/JetRubyTest/app/controllers/omniauth_callbacks_controller.rb": [
        0,
        0,
        0,
        0,
        0,
        0,
        0,
        0,
        0,
        0,
        0,
        0,
        0,
        0,
        0,
        0,
        0,
        0,
        0
      ],
      "/home/notebook/RubymineProjects/JetRubyTest/app/controllers/meals_controller.rb": [
        0,
        0,
        0,
        0,
        0,
        0,
        0,
        0,
        0,
        0,
        0,
        0,
        0,
        0,
        0,
        0,
        0,
        0,
        0,
        0,
        0,
        0,
        0,
        0,
        0,
        0,
        0,
        0,
        0,
        0,
        0,
        0,
        0
      ]
    },
    "timestamp": 1472341943
  },
  "(2/8)": {
    "coverage": {
      "/home/notebook/RubymineProjects/JetRubyTest/app/models/user.rb": [
        1,
        1,
        null,
        1,
        1,
        null,
        null,
        null,
        1,
        1,
        1,
        1,
        6,
        2,
        1,
        10,
        null,
        null,
        1,
        2,
        null,
        null,
        1,
        2,
        null,
        null,
        1,
        2,
        null,
        null,
        1,
        3,
        3,
        null,
        2,
        null,
        null,
        null,
        null,
        null,
        null,
        null,
        null,
        2,
        2,
        2,
        null,
        null
      ],
      "/home/notebook/RubymineProjects/JetRubyTest/app/models/application_record.rb": [
        1,
        1,
        null
      ],
      "/home/notebook/RubymineProjects/JetRubyTest/app/controllers/omniauth_callbacks_controller.rb": [
        1,
        1,
        3,
        3,
        null,
        null,
        null,
        1,
        null,
        null,
        1,
        3,
        2,
        2,
        null,
        1,
        null,
        null,
        null
      ],
      "/home/notebook/RubymineProjects/JetRubyTest/app/controllers/application_controller.rb": [
        1,
        1,
        1,
        0,
        null,
        null
      ],
      "/home/notebook/RubymineProjects/JetRubyTest/app/helpers/application_helper.rb": [
        1,
        null
      ],
      "/home/notebook/RubymineProjects/JetRubyTest/app/helpers/items_helper.rb": [
        1,
        1,
        null,
        0,
        null,
        null,
        null,
        null,
        null,
        1,
        0,
        0,
        0,
        0,
        null,
        null,
        null
      ],
      "/home/notebook/RubymineProjects/JetRubyTest/app/helpers/menus_helper.rb": [
        1,
        1,
        0,
        null,
        null,
        1,
        0,
        0,
        0,
        0,
        null,
        0,
        null,
        null,
        null
      ],
      "/home/notebook/RubymineProjects/JetRubyTest/app/models/order.rb": [
        1,
        1,
        null,
        1,
        1,
        1,
        1,
        null,
        1,
        3,
        null,
        null,
        1,
        0,
        null,
        null,
        1,
        0,
        null,
        null,
        1,
        0,
        null,
        null
      ],
      "/home/notebook/RubymineProjects/JetRubyTest/app/models/concerns/scopeable.rb": [
        1,
        1,
        null,
        1,
        1,
        null,
        null
      ],
      "/home/notebook/RubymineProjects/JetRubyTest/app/jobs/application_job.rb": [
        0,
        0
      ],
      "/home/notebook/RubymineProjects/JetRubyTest/app/channels/application_cable/channel.rb": [
        0,
        0,
        0,
        0
      ],
      "/home/notebook/RubymineProjects/JetRubyTest/app/channels/application_cable/connection.rb": [
        0,
        0,
        0,
        0
      ],
      "/home/notebook/RubymineProjects/JetRubyTest/app/mailers/application_mailer.rb": [
        0,
        0,
        0,
        0
      ],
      "/home/notebook/RubymineProjects/JetRubyTest/app/models/menu_item.rb": [
        0,
        0,
        0,
        0
      ],
      "/home/notebook/RubymineProjects/JetRubyTest/app/models/meal.rb": [
        0,
        0,
        0,
        0,
        0,
        0,
        0,
        0,
        0,
        0,
        0,
        0,
        0,
        0,
        0,
        0,
        0,
        0,
        0,
        0,
        0
      ],
      "/home/notebook/RubymineProjects/JetRubyTest/app/models/api_key.rb": [
        0,
        0,
        0,
        0,
        0,
        0,
        0,
        0,
        0,
        0,
        0,
        0,
        0,
        0,
        0,
        0,
        0,
        0,
        0,
        0,
        0
      ],
      "/home/notebook/RubymineProjects/JetRubyTest/app/models/ability.rb": [
        0,
        0,
        0,
        0,
        0,
        0,
        0,
        0,
        0,
        0,
        0,
        0,
        0,
        0,
        0,
        0,
        0,
        0,
        0,
        0,
        0,
        0,
        0,
        0,
        0,
        0,
        0,
        0,
        0
      ],
      "/home/notebook/RubymineProjects/JetRubyTest/app/models/item.rb": [
        0,
        0,
        0,
        0,
        0,
        0,
        0,
        0,
        0,
        0
      ],
      "/home/notebook/RubymineProjects/JetRubyTest/app/controllers/api/v1/orders_controller.rb": [
        0,
        0,
        0,
        0,
        0,
        0,
        0,
        0,
        0,
        0,
        0,
        0,
        0,
        0,
        0,
        0,
        0,
        0,
        0,
        0,
        0,
        0,
        0,
        0,
        0,
        0,
        0,
        0,
        0,
        0,
        0,
        0,
        0,
        0,
        0,
        0,
        0,
        0,
        0,
        0,
        0,
        0,
        0,
        0
      ],
      "/home/notebook/RubymineProjects/JetRubyTest/app/controllers/users_controller.rb": [
        0,
        0,
        0,
        0,
        0,
        0,
        0,
        0,
        0,
        0,
        0,
        0,
        0,
        0,
        0,
        0,
        0
      ],
      "/home/notebook/RubymineProjects/JetRubyTest/app/controllers/menus_controller.rb": [
        0,
        0,
        0,
        0,
        0,
        0,
        0,
        0,
        0,
        0,
        0,
        0,
        0,
        0,
        0,
        0,
        0,
        0
      ],
      "/home/notebook/RubymineProjects/JetRubyTest/app/controllers/orders_controller.rb": [
        0,
        0,
        0,
        0,
        0,
        0,
        0,
        0,
        0,
        0,
        0,
        0,
        0,
        0,
        0,
        0,
        0,
        0,
        0,
        0,
        0,
        0,
        0,
        0,
        0,
        0,
        0,
        0,
        0,
        0,
        0,
        0,
        0,
        0,
        0,
        0,
        0,
        0,
        0,
        0,
        0,
        0,
        0,
        0,
        0,
        0,
        0,
        0,
        0,
        0,
        0,
        0,
        0,
        0,
        0,
        0,
        0,
        0,
        0,
        0,
        0,
        0,
        0,
        0,
        0,
        0,
        0
      ],
      "/home/notebook/RubymineProjects/JetRubyTest/app/controllers/registrations_controller.rb": [
        0,
        0,
        0,
        0,
        0,
        0,
        0,
        0,
        0,
        0,
        0,
        0,
        0,
        0,
        0,
        0,
        0,
        0,
        0,
        0,
        0,
        0,
        0,
        0,
        0,
        0,
        0,
        0,
        0,
        0,
        0,
        0,
        0,
        0,
        0,
        0
      ],
      "/home/notebook/RubymineProjects/JetRubyTest/app/controllers/items_controller.rb": [
        0,
        0,
        0,
        0,
        0,
        0,
        0,
        0,
        0,
        0,
        0,
        0,
        0,
        0,
        0,
        0,
        0,
        0,
        0,
        0,
        0,
        0,
        0,
        0,
        0,
        0,
        0,
        0,
        0,
        0,
        0,
        0,
        0,
        0,
        0,
        0,
        0,
        0,
        0,
        0,
        0,
        0,
        0,
        0,
        0
      ],
      "/home/notebook/RubymineProjects/JetRubyTest/app/controllers/meals_controller.rb": [
        0,
        0,
        0,
        0,
        0,
        0,
        0,
        0,
        0,
        0,
        0,
        0,
        0,
        0,
        0,
        0,
        0,
        0,
        0,
        0,
        0,
        0,
        0,
        0,
        0,
        0,
        0,
        0,
        0,
        0,
        0,
        0,
        0
      ]
    },
    "timestamp": 1472341944
  },
  "(6/8)": {
    "coverage": {
      "/home/notebook/RubymineProjects/JetRubyTest/app/models/user.rb": [
        1,
        1,
        null,
        1,
        1,
        null,
        null,
        null,
        1,
        1,
        1,
        1,
        1,
        1,
        1,
        3,
        null,
        null,
        1,
        0,
        null,
        null,
        1,
        0,
        null,
        null,
        1,
        4,
        null,
        null,
        1,
        0,
        0,
        null,
        0,
        null,
        null,
        null,
        null,
        null,
        null,
        null,
        null,
        0,
        0,
        0,
        null,
        null
      ],
      "/home/notebook/RubymineProjects/JetRubyTest/app/models/application_record.rb": [
        1,
        1,
        null
      ],
      "/home/notebook/RubymineProjects/JetRubyTest/app/controllers/menus_controller.rb": [
        1,
        1,
        1,
        null,
        1,
        1,
        null,
        1,
        null,
        null,
        1,
        null,
        null,
        1,
        1,
        1,
        null,
        null
      ],
      "/home/notebook/RubymineProjects/JetRubyTest/app/controllers/application_controller.rb": [
        1,
        1,
        1,
        2,
        null,
        null
      ],
      "/home/notebook/RubymineProjects/JetRubyTest/app/helpers/application_helper.rb": [
        1,
        null
      ],
      "/home/notebook/RubymineProjects/JetRubyTest/app/helpers/items_helper.rb": [
        1,
        1,
        null,
        0,
        null,
        null,
        null,
        null,
        null,
        1,
        0,
        0,
        0,
        0,
        null,
        null,
        null
      ],
      "/home/notebook/RubymineProjects/JetRubyTest/app/helpers/menus_helper.rb": [
        1,
        1,
        0,
        null,
        null,
        1,
        0,
        0,
        0,
        0,
        null,
        0,
        null,
        null,
        null
      ],
      "/home/notebook/RubymineProjects/JetRubyTest/app/models/meal.rb": [
        1,
        1,
        null,
        1,
        1,
        1,
        1,
        1,
        5,
        1,
        6,
        null,
        null,
        1,
        9,
        null,
        null,
        1,
        3,
        null,
        null
      ],
      "/home/notebook/RubymineProjects/JetRubyTest/app/models/concerns/scopeable.rb": [
        1,
        1,
        null,
        1,
        7,
        null,
        null
      ],
      "/home/notebook/RubymineProjects/JetRubyTest/app/models/item.rb": [
        1,
        1,
        1,
        1,
        1,
        null,
        1,
        3,
        null,
        null
      ],
      "/home/notebook/RubymineProjects/JetRubyTest/app/models/ability.rb": [
        1,
        1,
        null,
        1,
        7,
        null,
        7,
        null,
        4,
        4,
        4,
        null,
        null,
        4,
        null,
        2,
        2,
        2,
        2,
        null,
        0,
        null,
        2,
        2,
        null,
        null,
        null,
        null,
        null
      ],
      "/home/notebook/RubymineProjects/JetRubyTest/app/models/order.rb": [
        1,
        1,
        null,
        1,
        1,
        1,
        1,
        null,
        1,
        3,
        null,
        null,
        1,
        0,
        null,
        null,
        1,
        0,
        null,
        null,
        1,
        0,
        null,
        null
      ],
      "/home/notebook/RubymineProjects/JetRubyTest/app/models/menu_item.rb": [
        1,
        1,
        1,
        null
      ],
      "/home/notebook/RubymineProjects/JetRubyTest/app/jobs/application_job.rb": [
        0,
        0
      ],
      "/home/notebook/RubymineProjects/JetRubyTest/app/channels/application_cable/channel.rb": [
        0,
        0,
        0,
        0
      ],
      "/home/notebook/RubymineProjects/JetRubyTest/app/channels/application_cable/connection.rb": [
        0,
        0,
        0,
        0
      ],
      "/home/notebook/RubymineProjects/JetRubyTest/app/mailers/application_mailer.rb": [
        0,
        0,
        0,
        0
      ],
      "/home/notebook/RubymineProjects/JetRubyTest/app/models/api_key.rb": [
        0,
        0,
        0,
        0,
        0,
        0,
        0,
        0,
        0,
        0,
        0,
        0,
        0,
        0,
        0,
        0,
        0,
        0,
        0,
        0,
        0
      ],
      "/home/notebook/RubymineProjects/JetRubyTest/app/controllers/api/v1/orders_controller.rb": [
        0,
        0,
        0,
        0,
        0,
        0,
        0,
        0,
        0,
        0,
        0,
        0,
        0,
        0,
        0,
        0,
        0,
        0,
        0,
        0,
        0,
        0,
        0,
        0,
        0,
        0,
        0,
        0,
        0,
        0,
        0,
        0,
        0,
        0,
        0,
        0,
        0,
        0,
        0,
        0,
        0,
        0,
        0,
        0
      ],
      "/home/notebook/RubymineProjects/JetRubyTest/app/controllers/users_controller.rb": [
        0,
        0,
        0,
        0,
        0,
        0,
        0,
        0,
        0,
        0,
        0,
        0,
        0,
        0,
        0,
        0,
        0
      ],
      "/home/notebook/RubymineProjects/JetRubyTest/app/controllers/orders_controller.rb": [
        0,
        0,
        0,
        0,
        0,
        0,
        0,
        0,
        0,
        0,
        0,
        0,
        0,
        0,
        0,
        0,
        0,
        0,
        0,
        0,
        0,
        0,
        0,
        0,
        0,
        0,
        0,
        0,
        0,
        0,
        0,
        0,
        0,
        0,
        0,
        0,
        0,
        0,
        0,
        0,
        0,
        0,
        0,
        0,
        0,
        0,
        0,
        0,
        0,
        0,
        0,
        0,
        0,
        0,
        0,
        0,
        0,
        0,
        0,
        0,
        0,
        0,
        0,
        0,
        0,
        0,
        0
      ],
      "/home/notebook/RubymineProjects/JetRubyTest/app/controllers/registrations_controller.rb": [
        0,
        0,
        0,
        0,
        0,
        0,
        0,
        0,
        0,
        0,
        0,
        0,
        0,
        0,
        0,
        0,
        0,
        0,
        0,
        0,
        0,
        0,
        0,
        0,
        0,
        0,
        0,
        0,
        0,
        0,
        0,
        0,
        0,
        0,
        0,
        0
      ],
      "/home/notebook/RubymineProjects/JetRubyTest/app/controllers/items_controller.rb": [
        0,
        0,
        0,
        0,
        0,
        0,
        0,
        0,
        0,
        0,
        0,
        0,
        0,
        0,
        0,
        0,
        0,
        0,
        0,
        0,
        0,
        0,
        0,
        0,
        0,
        0,
        0,
        0,
        0,
        0,
        0,
        0,
        0,
        0,
        0,
        0,
        0,
        0,
        0,
        0,
        0,
        0,
        0,
        0,
        0
      ],
      "/home/notebook/RubymineProjects/JetRubyTest/app/controllers/omniauth_callbacks_controller.rb": [
        0,
        0,
        0,
        0,
        0,
        0,
        0,
        0,
        0,
        0,
        0,
        0,
        0,
        0,
        0,
        0,
        0,
        0,
        0
      ],
      "/home/notebook/RubymineProjects/JetRubyTest/app/controllers/meals_controller.rb": [
        0,
        0,
        0,
        0,
        0,
        0,
        0,
        0,
        0,
        0,
        0,
        0,
        0,
        0,
        0,
        0,
        0,
        0,
        0,
        0,
        0,
        0,
        0,
        0,
        0,
        0,
        0,
        0,
        0,
        0,
        0,
        0,
        0
      ]
    },
    "timestamp": 1472341943
  },
  "(7/8)": {
    "coverage": {
      "/home/notebook/RubymineProjects/JetRubyTest/app/models/user.rb": [
        1,
        1,
        null,
        1,
        1,
        null,
        null,
        null,
        1,
        1,
        1,
        1,
        1,
        3,
        1,
        3,
        null,
        null,
        1,
        0,
        null,
        null,
        1,
        0,
        null,
        null,
        1,
        15,
        null,
        null,
        1,
        0,
        0,
        null,
        0,
        null,
        null,
        null,
        null,
        null,
        null,
        null,
        null,
        0,
        0,
        0,
        null,
        null
      ],
      "/home/notebook/RubymineProjects/JetRubyTest/app/models/application_record.rb": [
        1,
        1,
        null
      ],
      "/home/notebook/RubymineProjects/JetRubyTest/app/controllers/meals_controller.rb": [
        1,
        1,
        1,
        1,
        null,
        1,
        4,
        4,
        4,
        null,
        null,
        1,
        4,
        4,
        null,
        null,
        1,
        2,
        2,
        null,
        null,
        null,
        1,
        null,
        null,
        1,
        10,
        null,
        null,
        1,
        8,
        null,
        null
      ],
      "/home/notebook/RubymineProjects/JetRubyTest/app/controllers/application_controller.rb": [
        1,
        1,
        1,
        1,
        null,
        null
      ],
      "/home/notebook/RubymineProjects/JetRubyTest/app/helpers/application_helper.rb": [
        1,
        null
      ],
      "/home/notebook/RubymineProjects/JetRubyTest/app/helpers/items_helper.rb": [
        1,
        1,
        null,
        0,
        null,
        null,
        null,
        null,
        null,
        1,
        0,
        0,
        0,
        0,
        null,
        null,
        null
      ],
      "/home/notebook/RubymineProjects/JetRubyTest/app/helpers/menus_helper.rb": [
        1,
        1,
        0,
        null,
        null,
        1,
        0,
        0,
        0,
        0,
        null,
        0,
        null,
        null,
        null
      ],
      "/home/notebook/RubymineProjects/JetRubyTest/app/controllers/users_controller.rb": [
        1,
        1,
        1,
        null,
        1,
        2,
        null,
        null,
        1,
        3,
        null,
        null,
        1,
        3,
        3,
        null,
        null
      ],
      "/home/notebook/RubymineProjects/JetRubyTest/app/models/meal.rb": [
        1,
        1,
        null,
        1,
        1,
        1,
        1,
        1,
        1,
        1,
        3,
        null,
        null,
        1,
        0,
        null,
        null,
        1,
        0,
        null,
        null
      ],
      "/home/notebook/RubymineProjects/JetRubyTest/app/models/concerns/scopeable.rb": [
        1,
        1,
        null,
        1,
        2,
        null,
        null
      ],
      "/home/notebook/RubymineProjects/JetRubyTest/app/models/item.rb": [
        1,
        1,
        1,
        1,
        1,
        null,
        1,
        3,
        null,
        null
      ],
      "/home/notebook/RubymineProjects/JetRubyTest/app/models/ability.rb": [
        1,
        1,
        null,
        1,
        15,
        null,
        15,
        null,
        15,
        11,
        11,
        null,
        null,
        15,
        null,
        11,
        11,
        11,
        11,
        null,
        4,
        null,
        0,
        0,
        null,
        null,
        null,
        null,
        null
      ],
      "/home/notebook/RubymineProjects/JetRubyTest/app/models/order.rb": [
        1,
        1,
        null,
        1,
        1,
        1,
        1,
        null,
        1,
        3,
        null,
        null,
        1,
        0,
        null,
        null,
        1,
        0,
        null,
        null,
        1,
        0,
        null,
        null
      ],
      "/home/notebook/RubymineProjects/JetRubyTest/app/models/menu_item.rb": [
        1,
        1,
        1,
        null
      ],
      "/home/notebook/RubymineProjects/JetRubyTest/app/models/api_key.rb": [
        1,
        4,
        1,
        1,
        4,
        null,
        1,
        5,
        5,
        null,
        null,
        null,
        1,
        null,
        null,
        1,
        null,
        5,
        5,
        null,
        null
      ],
      "/home/notebook/RubymineProjects/JetRubyTest/app/jobs/application_job.rb": [
        0,
        0
      ],
      "/home/notebook/RubymineProjects/JetRubyTest/app/channels/application_cable/channel.rb": [
        0,
        0,
        0,
        0
      ],
      "/home/notebook/RubymineProjects/JetRubyTest/app/channels/application_cable/connection.rb": [
        0,
        0,
        0,
        0
      ],
      "/home/notebook/RubymineProjects/JetRubyTest/app/mailers/application_mailer.rb": [
        0,
        0,
        0,
        0
      ],
      "/home/notebook/RubymineProjects/JetRubyTest/app/controllers/api/v1/orders_controller.rb": [
        0,
        0,
        0,
        0,
        0,
        0,
        0,
        0,
        0,
        0,
        0,
        0,
        0,
        0,
        0,
        0,
        0,
        0,
        0,
        0,
        0,
        0,
        0,
        0,
        0,
        0,
        0,
        0,
        0,
        0,
        0,
        0,
        0,
        0,
        0,
        0,
        0,
        0,
        0,
        0,
        0,
        0,
        0,
        0
      ],
      "/home/notebook/RubymineProjects/JetRubyTest/app/controllers/menus_controller.rb": [
        0,
        0,
        0,
        0,
        0,
        0,
        0,
        0,
        0,
        0,
        0,
        0,
        0,
        0,
        0,
        0,
        0,
        0
      ],
      "/home/notebook/RubymineProjects/JetRubyTest/app/controllers/orders_controller.rb": [
        0,
        0,
        0,
        0,
        0,
        0,
        0,
        0,
        0,
        0,
        0,
        0,
        0,
        0,
        0,
        0,
        0,
        0,
        0,
        0,
        0,
        0,
        0,
        0,
        0,
        0,
        0,
        0,
        0,
        0,
        0,
        0,
        0,
        0,
        0,
        0,
        0,
        0,
        0,
        0,
        0,
        0,
        0,
        0,
        0,
        0,
        0,
        0,
        0,
        0,
        0,
        0,
        0,
        0,
        0,
        0,
        0,
        0,
        0,
        0,
        0,
        0,
        0,
        0,
        0,
        0,
        0
      ],
      "/home/notebook/RubymineProjects/JetRubyTest/app/controllers/registrations_controller.rb": [
        0,
        0,
        0,
        0,
        0,
        0,
        0,
        0,
        0,
        0,
        0,
        0,
        0,
        0,
        0,
        0,
        0,
        0,
        0,
        0,
        0,
        0,
        0,
        0,
        0,
        0,
        0,
        0,
        0,
        0,
        0,
        0,
        0,
        0,
        0,
        0
      ],
      "/home/notebook/RubymineProjects/JetRubyTest/app/controllers/items_controller.rb": [
        0,
        0,
        0,
        0,
        0,
        0,
        0,
        0,
        0,
        0,
        0,
        0,
        0,
        0,
        0,
        0,
        0,
        0,
        0,
        0,
        0,
        0,
        0,
        0,
        0,
        0,
        0,
        0,
        0,
        0,
        0,
        0,
        0,
        0,
        0,
        0,
        0,
        0,
        0,
        0,
        0,
        0,
        0,
        0,
        0
      ],
      "/home/notebook/RubymineProjects/JetRubyTest/app/controllers/omniauth_callbacks_controller.rb": [
        0,
        0,
        0,
        0,
        0,
        0,
        0,
        0,
        0,
        0,
        0,
        0,
        0,
        0,
        0,
        0,
        0,
        0,
        0
      ]
    },
    "timestamp": 1472341943
  }
}
